#
# There is insufficient memory for the Java Runtime Environment to continue.
# Native memory allocation (malloc) failed to allocate 1384464 bytes. Error detail: Chunk::new
# Possible reasons:
#   The system is out of physical RAM or swap space
#   This process is running with CompressedOops enabled, and the Java Heap may be blocking the growth of the native heap
# Possible solutions:
#   Reduce memory load on the system
#   Increase physical memory or swap space
#   Check if swap backing store is full
#   Decrease Java heap size (-Xmx/-Xms)
#   Decrease number of Java threads
#   Decrease Java thread stack sizes (-Xss)
#   Set larger code cache with -XX:ReservedCodeCacheSize=
#   JVM is running with Zero Based Compressed Oops mode in which the Java heap is
#     placed in the first 32GB address space. The Java Heap base address is the
#     maximum limit for the native heap growth. Please use -XX:HeapBaseMinAddress
#     to set the Java Heap base and to place the Java Heap above 32GB virtual address.
# This output file may be truncated or incomplete.
#
#  Out of Memory Error (arena.cpp:162), pid=23592, tid=14392
#
# JRE version: OpenJDK Runtime Environment (24.0+36) (build 24+36-3646)
# Java VM: OpenJDK 64-Bit Server VM (24+36-3646, mixed mode, sharing, tiered, compressed oops, compressed class ptrs, g1 gc, windows-amd64)
# No core dump will be written. Minidumps are not enabled by default on client versions of Windows
#

---------------  S U M M A R Y ------------

Command Line: -javaagent:C:\Program Files\JetBrains\IntelliJ IDEA Community Edition 2024.3.5\lib\idea_rt.jar=53401 -Dfile.encoding=UTF-8 -Dsun.stdout.encoding=UTF-8 -Dsun.stderr.encoding=UTF-8 com.wanderfun.infrastructurelayer.WanderfunApplication

Host: AMD Ryzen 5 7500F 6-Core Processor             , 12 cores, 31G,  Windows 11 , 64 bit Build 26100 (10.0.26100.3775)
Time: Fri Apr 25 00:55:11 2025 SE Asia Standard Time elapsed time: 1780.084153 seconds (0d 0h 29m 40s)

---------------  T H R E A D  ---------------

Current thread (0x00000242a7c27b40):  JavaThread "C2 CompilerThread0" daemon [_thread_in_native, id=14392, stack(0x000000f29a800000,0x000000f29a900000) (1024K)]


Current CompileTask:
C2:1780084 17856       4       java.util.Arrays$ArrayList::contains (14 bytes)

Stack: [0x000000f29a800000,0x000000f29a900000]
Native frames: (J=compiled Java code, j=interpreted, Vv=VM code, C=native code)
V  [jvm.dll+0x7308c9]  (no source info available)
V  [jvm.dll+0x8d9ca3]  (no source info available)
V  [jvm.dll+0x8dc13d]  (no source info available)
V  [jvm.dll+0x8dc7b3]  (no source info available)
V  [jvm.dll+0x2aa046]  (no source info available)
V  [jvm.dll+0xced8f]  (no source info available)
V  [jvm.dll+0xcefef]  (no source info available)
V  [jvm.dll+0x154d23]  (no source info available)
V  [jvm.dll+0x7360ef]  (no source info available)
V  [jvm.dll+0x26f9dc]  (no source info available)
V  [jvm.dll+0x26e9ff]  (no source info available)
V  [jvm.dll+0x1e9d00]  (no source info available)
V  [jvm.dll+0x27e1bb]  (no source info available)
V  [jvm.dll+0x27c45a]  (no source info available)
V  [jvm.dll+0x42f566]  (no source info available)
V  [jvm.dll+0x87d8fb]  (no source info available)
V  [jvm.dll+0x72efe5]  (no source info available)
C  [ucrtbase.dll+0x37b0]  (no source info available)
C  [KERNEL32.DLL+0x2e8d7]  (no source info available)
C  [ntdll.dll+0xb14fc]  (no source info available)

Lock stack of current Java thread (top to bottom):


---------------  P R O C E S S  ---------------

Threads class SMR info:
_java_thread_list=0x00000242f19a8f20, length=33, elements={
0x00000242a7c04d70, 0x00000242a7c056b0, 0x00000242a7c0b410, 0x00000242a7c0c030,
0x00000242a7c0d7c0, 0x00000242a7c111c0, 0x00000242a7c27b40, 0x00000242a7c48a20,
0x00000242a7cfead0, 0x00000242ed03acd0, 0x00000242ed03b410, 0x00000242ef0459c0,
0x00000242f0ebd330, 0x00000242f0ebcbe0, 0x00000242ee5432d0, 0x00000242ee5406f0,
0x00000242ee542430, 0x00000242ee541590, 0x00000242ee545760, 0x00000242ee545010,
0x00000242ee545eb0, 0x00000242ee542b80, 0x00000242ee546600, 0x00000242ee546d50,
0x00000242ee5474a0, 0x00000242ee547bf0, 0x00000242f3a1b290, 0x00000242f3a1b9e0,
0x00000242f3a186b0, 0x00000242f1ceafb0, 0x00000242f1ce7c80, 0x00000242f19d6ab0,
0x00000242f19d79d0
}

Java Threads: ( => current thread )
  0x00000242a7c04d70 JavaThread "Reference Handler"          daemon [_thread_blocked, id=23344, stack(0x000000f29a200000,0x000000f29a300000) (1024K)]
  0x00000242a7c056b0 JavaThread "Finalizer"                  daemon [_thread_blocked, id=3748, stack(0x000000f29a300000,0x000000f29a400000) (1024K)]
  0x00000242a7c0b410 JavaThread "Signal Dispatcher"          daemon [_thread_blocked, id=19364, stack(0x000000f29a400000,0x000000f29a500000) (1024K)]
  0x00000242a7c0c030 JavaThread "Attach Listener"            daemon [_thread_blocked, id=14796, stack(0x000000f29a500000,0x000000f29a600000) (1024K)]
  0x00000242a7c0d7c0 JavaThread "Service Thread"             daemon [_thread_blocked, id=9180, stack(0x000000f29a600000,0x000000f29a700000) (1024K)]
  0x00000242a7c111c0 JavaThread "Monitor Deflation Thread"   daemon [_thread_blocked, id=2772, stack(0x000000f29a700000,0x000000f29a800000) (1024K)]
=>0x00000242a7c27b40 JavaThread "C2 CompilerThread0"         daemon [_thread_in_native, id=14392, stack(0x000000f29a800000,0x000000f29a900000) (1024K)]
  0x00000242a7c48a20 JavaThread "C1 CompilerThread0"         daemon [_thread_blocked, id=21784, stack(0x000000f29a900000,0x000000f29aa00000) (1024K)]
  0x00000242a7cfead0 JavaThread "Common-Cleaner"             daemon [_thread_blocked, id=23812, stack(0x000000f29aa00000,0x000000f29ab00000) (1024K)]
  0x00000242ed03acd0 JavaThread "Monitor Ctrl-Break"         daemon [_thread_in_native, id=15388, stack(0x000000f29ac00000,0x000000f29ad00000) (1024K)]
  0x00000242ed03b410 JavaThread "Notification Thread"        daemon [_thread_blocked, id=25180, stack(0x000000f29ad00000,0x000000f29ae00000) (1024K)]
  0x00000242ef0459c0 JavaThread "mysql-cj-abandoned-connection-cleanup" daemon [_thread_blocked, id=23532, stack(0x000000f29ae00000,0x000000f29af00000) (1024K)]
  0x00000242f0ebd330 JavaThread "HikariPool-1 housekeeper"   daemon [_thread_blocked, id=10852, stack(0x000000f29bc00000,0x000000f29bd00000) (1024K)]
  0x00000242f0ebcbe0 JavaThread "Catalina-utility-1"                [_thread_blocked, id=25552, stack(0x000000f29be00000,0x000000f29bf00000) (1024K)]
  0x00000242ee5432d0 JavaThread "Catalina-utility-2"                [_thread_blocked, id=26164, stack(0x000000f29bf00000,0x000000f29c000000) (1024K)]
  0x00000242ee5406f0 JavaThread "container-0"                       [_thread_blocked, id=22588, stack(0x000000f29c000000,0x000000f29c100000) (1024K)]
  0x00000242ee542430 JavaThread "http-nio-8080-exec-1"       daemon [_thread_blocked, id=25732, stack(0x000000f29c100000,0x000000f29c200000) (1024K)]
  0x00000242ee541590 JavaThread "http-nio-8080-exec-2"       daemon [_thread_blocked, id=25728, stack(0x000000f29c200000,0x000000f29c300000) (1024K)]
  0x00000242ee545760 JavaThread "http-nio-8080-exec-3"       daemon [_thread_blocked, id=14924, stack(0x000000f29c300000,0x000000f29c400000) (1024K)]
  0x00000242ee545010 JavaThread "http-nio-8080-exec-4"       daemon [_thread_blocked, id=5936, stack(0x000000f29c400000,0x000000f29c500000) (1024K)]
  0x00000242ee545eb0 JavaThread "http-nio-8080-exec-5"       daemon [_thread_blocked, id=15448, stack(0x000000f29c500000,0x000000f29c600000) (1024K)]
  0x00000242ee542b80 JavaThread "http-nio-8080-exec-6"       daemon [_thread_blocked, id=20528, stack(0x000000f29c600000,0x000000f29c700000) (1024K)]
  0x00000242ee546600 JavaThread "http-nio-8080-exec-7"       daemon [_thread_blocked, id=22488, stack(0x000000f29c700000,0x000000f29c800000) (1024K)]
  0x00000242ee546d50 JavaThread "http-nio-8080-exec-8"       daemon [_thread_blocked, id=26548, stack(0x000000f29c800000,0x000000f29c900000) (1024K)]
  0x00000242ee5474a0 JavaThread "http-nio-8080-exec-9"       daemon [_thread_blocked, id=26516, stack(0x000000f29c900000,0x000000f29ca00000) (1024K)]
  0x00000242ee547bf0 JavaThread "http-nio-8080-exec-10"      daemon [_thread_blocked, id=20764, stack(0x000000f29ca00000,0x000000f29cb00000) (1024K)]
  0x00000242f3a1b290 JavaThread "http-nio-8080-Poller"       daemon [_thread_in_native, id=15476, stack(0x000000f29cb00000,0x000000f29cc00000) (1024K)]
  0x00000242f3a1b9e0 JavaThread "http-nio-8080-Acceptor"     daemon [_thread_in_native, id=25700, stack(0x000000f29cc00000,0x000000f29cd00000) (1024K)]
  0x00000242f3a186b0 JavaThread "DestroyJavaVM"                     [_thread_blocked, id=16236, stack(0x000000f299a00000,0x000000f299b00000) (1024K)]
  0x00000242f1ceafb0 JavaThread "HikariPool-1 connection adder" daemon [_thread_blocked, id=30696, stack(0x000000f299800000,0x000000f299900000) (1024K)]
  0x00000242f1ce7c80 JavaThread "HikariPool-1 connection closer" daemon [_thread_blocked, id=20952, stack(0x000000f299700000,0x000000f299800000) (1024K)]
  0x00000242f19d6ab0 JavaThread "C2 CompilerThread1"         daemon [_thread_blocked, id=12448, stack(0x000000f29ab00000,0x000000f29ac00000) (1024K)]
  0x00000242f19d79d0 JavaThread "C2 CompilerThread2"         daemon [_thread_blocked, id=6568, stack(0x000000f29b800000,0x000000f29b900000) (1024K)]
Total: 33

Other Threads:
  0x00000242a7bf3ac0 VMThread "VM Thread"                           [id=23400, stack(0x000000f29a100000,0x000000f29a200000) (1024K)]
  0x00000242a50204f0 WatcherThread "VM Periodic Task Thread"        [id=17552, stack(0x000000f29a000000,0x000000f29a100000) (1024K)]
  0x00000242832af260 WorkerThread "GC Thread#0"                     [id=6896, stack(0x000000f299b00000,0x000000f299c00000) (1024K)]
  0x00000242edcf91d0 WorkerThread "GC Thread#1"                     [id=2556, stack(0x000000f29af00000,0x000000f29b000000) (1024K)]
  0x00000242edcf9da0 WorkerThread "GC Thread#2"                     [id=5316, stack(0x000000f29b000000,0x000000f29b100000) (1024K)]
  0x00000242edcfa150 WorkerThread "GC Thread#3"                     [id=10808, stack(0x000000f29b100000,0x000000f29b200000) (1024K)]
  0x00000242edcfa900 WorkerThread "GC Thread#4"                     [id=3732, stack(0x000000f29b200000,0x000000f29b300000) (1024K)]
  0x00000242edcfb0c0 WorkerThread "GC Thread#5"                     [id=20108, stack(0x000000f29b300000,0x000000f29b400000) (1024K)]
  0x00000242edcfbc80 WorkerThread "GC Thread#6"                     [id=23496, stack(0x000000f29b400000,0x000000f29b500000) (1024K)]
  0x00000242edcfc030 WorkerThread "GC Thread#7"                     [id=23952, stack(0x000000f29b500000,0x000000f29b600000) (1024K)]
  0x00000242edcd9900 WorkerThread "GC Thread#8"                     [id=5584, stack(0x000000f29b600000,0x000000f29b700000) (1024K)]
  0x00000242edbfa500 WorkerThread "GC Thread#9"                     [id=21300, stack(0x000000f29b700000,0x000000f29b800000) (1024K)]
  0x00000242832c4a50 ConcurrentGCThread "G1 Main Marker"            [id=26232, stack(0x000000f299c00000,0x000000f299d00000) (1024K)]
  0x00000242832c5d00 WorkerThread "G1 Conc#0"                       [id=2268, stack(0x000000f299d00000,0x000000f299e00000) (1024K)]
  0x00000242edbfb010 WorkerThread "G1 Conc#1"                       [id=18920, stack(0x000000f29b900000,0x000000f29ba00000) (1024K)]
  0x00000242edbfb3c0 WorkerThread "G1 Conc#2"                       [id=10128, stack(0x000000f29ba00000,0x000000f29bb00000) (1024K)]
  0x00000242a4ffc190 ConcurrentGCThread "G1 Refine#0"               [id=25240, stack(0x000000f299e00000,0x000000f299f00000) (1024K)]
  0x00000242a4ffd9d0 ConcurrentGCThread "G1 Service"                [id=15916, stack(0x000000f299f00000,0x000000f29a000000) (1024K)]
Total: 18

Threads with active compile tasks:
C2 CompilerThread0  1780138 17856       4       java.util.Arrays$ArrayList::contains (14 bytes)
Total: 1

VM state: not at safepoint (normal execution)

VM Mutex/Monitor currently owned by a thread: None

Heap address: 0x0000000606400000, size: 8092 MB, Compressed Oops mode: Zero based, Oop shift amount: 3

CDS archive(s) mapped at: [0x00000242a8000000-0x00000242a8d40000-0x00000242a8d40000), size 13893632, SharedBaseAddress: 0x00000242a8000000, ArchiveRelocationMode: 1.
Compressed class space mapped at: 0x00000242a9000000-0x00000242e9000000, reserved size: 1073741824
UseCompressedClassPointers 1, UseCompactObjectHeaders 0
Narrow klass pointer bits 32, Max shift 3
Narrow klass base: 0x00000242a8000000, Narrow klass shift: 0
Encoding Range: [0x00000242a8000000 - 0x00000243a8000000), (4294967296 bytes)
Klass Range:    [0x00000242a8000000 - 0x00000242e9000000), (1090519040 bytes)
Klass ID Range:  [8 - 1090519033) (1090519025)

GC Precious Log:
 CardTable entry size: 512
 Card Set container configuration: InlinePtr #cards 4 size 8 Array Of Cards #cards 32 size 80 Howl #buckets 8 coarsen threshold 7372 Howl Bitmap #cards 1024 size 144 coarsen threshold 921 Card regions per heap region 1 cards per card region 8192
 CPUs: 12 total, 12 available
 Memory: 32361M
 Large Page Support: Disabled
 NUMA Support: Disabled
 Compressed Oops: Enabled (Zero based)
 Heap Region Size: 4M
 Heap Min Capacity: 8M
 Heap Initial Capacity: 508M
 Heap Max Capacity: 8092M
 Pre-touch: Disabled
 Parallel Workers: 10
 Concurrent Workers: 3
 Concurrent Refinement Workers: 10
 Periodic GC: Disabled

Heap:
 garbage-first heap   total reserved 8286208K, committed 233472K, used 156871K [0x0000000606400000, 0x0000000800000000)
  region size 4096K, 27 young (110592K), 3 survivors (12288K)
 Metaspace       used 96165K, committed 97152K, reserved 1179648K
  class space    used 10407K, committed 10880K, reserved 1048576K

Heap Regions: E=young(eden), S=young(survivor), O=old, HS=humongous(starts), HC=humongous(continues), CS=collection set, F=free, TAMS=top-at-mark-start, PB=parsable bottom
|   0|0x0000000606400000, 0x00000006065023d8, 0x0000000606800000| 25%| O|  |TAMS 0x0000000606400000| PB 0x0000000606400000| Untracked |  0
|   1|0x0000000606800000, 0x0000000606c00000, 0x0000000606c00000|100%| O|  |TAMS 0x0000000606800000| PB 0x0000000606800000| Untracked |  0
|   2|0x0000000606c00000, 0x0000000607000000, 0x0000000607000000|100%| O|  |TAMS 0x0000000606c00000| PB 0x0000000606c00000| Untracked |  0
|   3|0x0000000607000000, 0x0000000607400000, 0x0000000607400000|100%| O|  |TAMS 0x0000000607000000| PB 0x0000000607000000| Untracked |  0
|   4|0x0000000607400000, 0x0000000607800000, 0x0000000607800000|100%| O|  |TAMS 0x0000000607400000| PB 0x0000000607400000| Untracked |  0
|   5|0x0000000607800000, 0x0000000607c00000, 0x0000000607c00000|100%| O|  |TAMS 0x0000000607800000| PB 0x0000000607800000| Untracked |  0
|   6|0x0000000607c00000, 0x0000000608000000, 0x0000000608000000|100%| O|  |TAMS 0x0000000607c00000| PB 0x0000000607c00000| Untracked |  0
|   7|0x0000000608000000, 0x0000000608400000, 0x0000000608400000|100%| O|  |TAMS 0x0000000608000000| PB 0x0000000608000000| Untracked |  0
|   8|0x0000000608400000, 0x0000000608400000, 0x0000000608800000|  0%| F|  |TAMS 0x0000000608400000| PB 0x0000000608400000| Untracked |  0
|   9|0x0000000608800000, 0x0000000608c00000, 0x0000000608c00000|100%| O|  |TAMS 0x0000000608800000| PB 0x0000000608800000| Untracked |  0
|  10|0x0000000608c00000, 0x0000000608c00000, 0x0000000609000000|  0%| F|  |TAMS 0x0000000608c00000| PB 0x0000000608c00000| Untracked |  0
|  11|0x0000000609000000, 0x0000000609000000, 0x0000000609400000|  0%| F|  |TAMS 0x0000000609000000| PB 0x0000000609000000| Untracked |  0
|  12|0x0000000609400000, 0x0000000609400000, 0x0000000609800000|  0%| F|  |TAMS 0x0000000609400000| PB 0x0000000609400000| Untracked |  0
|  13|0x0000000609800000, 0x0000000609800000, 0x0000000609c00000|  0%| F|  |TAMS 0x0000000609800000| PB 0x0000000609800000| Untracked |  0
|  14|0x0000000609c00000, 0x0000000609c00000, 0x000000060a000000|  0%| F|  |TAMS 0x0000000609c00000| PB 0x0000000609c00000| Untracked |  0
|  15|0x000000060a000000, 0x000000060a000000, 0x000000060a400000|  0%| F|  |TAMS 0x000000060a000000| PB 0x000000060a000000| Untracked |  0
|  16|0x000000060a400000, 0x000000060a400000, 0x000000060a800000|  0%| F|  |TAMS 0x000000060a400000| PB 0x000000060a400000| Untracked |  0
|  17|0x000000060a800000, 0x000000060ac00000, 0x000000060ac00000|100%| O|  |TAMS 0x000000060a800000| PB 0x000000060a800000| Untracked |  0
|  18|0x000000060ac00000, 0x000000060ac00000, 0x000000060b000000|  0%| F|  |TAMS 0x000000060ac00000| PB 0x000000060ac00000| Untracked |  0
|  19|0x000000060b000000, 0x000000060b000000, 0x000000060b400000|  0%| F|  |TAMS 0x000000060b000000| PB 0x000000060b000000| Untracked |  0
|  20|0x000000060b400000, 0x000000060b400000, 0x000000060b800000|  0%| F|  |TAMS 0x000000060b400000| PB 0x000000060b400000| Untracked |  0
|  21|0x000000060b800000, 0x000000060b800000, 0x000000060bc00000|  0%| F|  |TAMS 0x000000060b800000| PB 0x000000060b800000| Untracked |  0
|  22|0x000000060bc00000, 0x000000060bc00000, 0x000000060c000000|  0%| F|  |TAMS 0x000000060bc00000| PB 0x000000060bc00000| Untracked |  0
|  23|0x000000060c000000, 0x000000060c000000, 0x000000060c400000|  0%| F|  |TAMS 0x000000060c000000| PB 0x000000060c000000| Untracked |  0
|  24|0x000000060c400000, 0x000000060c400000, 0x000000060c800000|  0%| F|  |TAMS 0x000000060c400000| PB 0x000000060c400000| Untracked |  0
|  25|0x000000060c800000, 0x000000060c800000, 0x000000060cc00000|  0%| F|  |TAMS 0x000000060c800000| PB 0x000000060c800000| Untracked |  0
|  26|0x000000060cc00000, 0x000000060cfc0018, 0x000000060d000000| 93%| E|  |TAMS 0x000000060cc00000| PB 0x000000060cc00000| Complete |  0
|  27|0x000000060d000000, 0x000000060d02fb98, 0x000000060d400000|  4%| S|CS|TAMS 0x000000060d000000| PB 0x000000060d000000| Complete |  0
|  28|0x000000060d400000, 0x000000060d800000, 0x000000060d800000|100%| O|Cm|TAMS 0x000000060d400000| PB 0x000000060d400000| Complete |  0
|  29|0x000000060d800000, 0x000000060dc00000, 0x000000060dc00000|100%| O|Cm|TAMS 0x000000060d800000| PB 0x000000060d800000| Complete |  0
|  30|0x000000060dc00000, 0x000000060e000000, 0x000000060e000000|100%| O|  |TAMS 0x000000060dc00000| PB 0x000000060dc00000| Untracked |  0
|  31|0x000000060e000000, 0x000000060e400000, 0x000000060e400000|100%| S|CS|TAMS 0x000000060e000000| PB 0x000000060e000000| Complete |  0
|  32|0x000000060e400000, 0x000000060e800000, 0x000000060e800000|100%| S|CS|TAMS 0x000000060e400000| PB 0x000000060e400000| Complete |  0
|  33|0x000000060e800000, 0x000000060ec00000, 0x000000060ec00000|100%| E|CS|TAMS 0x000000060e800000| PB 0x000000060e800000| Complete |  0
|  34|0x000000060ec00000, 0x000000060f000000, 0x000000060f000000|100%| E|CS|TAMS 0x000000060ec00000| PB 0x000000060ec00000| Complete |  0
|  35|0x000000060f000000, 0x000000060f400000, 0x000000060f400000|100%| E|CS|TAMS 0x000000060f000000| PB 0x000000060f000000| Complete |  0
|  36|0x000000060f400000, 0x000000060f800000, 0x000000060f800000|100%| E|CS|TAMS 0x000000060f400000| PB 0x000000060f400000| Complete |  0
|  37|0x000000060f800000, 0x000000060fc00000, 0x000000060fc00000|100%| E|CS|TAMS 0x000000060f800000| PB 0x000000060f800000| Complete |  0
|  38|0x000000060fc00000, 0x0000000610000000, 0x0000000610000000|100%| E|CS|TAMS 0x000000060fc00000| PB 0x000000060fc00000| Complete |  0
|  39|0x0000000610000000, 0x0000000610400000, 0x0000000610400000|100%| E|CS|TAMS 0x0000000610000000| PB 0x0000000610000000| Complete |  0
|  40|0x0000000610400000, 0x0000000610800000, 0x0000000610800000|100%| E|CS|TAMS 0x0000000610400000| PB 0x0000000610400000| Complete |  0
|  41|0x0000000610800000, 0x0000000610c00000, 0x0000000610c00000|100%| E|CS|TAMS 0x0000000610800000| PB 0x0000000610800000| Complete |  0
|  42|0x0000000610c00000, 0x0000000611000000, 0x0000000611000000|100%| E|CS|TAMS 0x0000000610c00000| PB 0x0000000610c00000| Complete |  0
|  43|0x0000000611000000, 0x0000000611400000, 0x0000000611400000|100%| E|CS|TAMS 0x0000000611000000| PB 0x0000000611000000| Complete |  0
|  44|0x0000000611400000, 0x0000000611800000, 0x0000000611800000|100%| E|CS|TAMS 0x0000000611400000| PB 0x0000000611400000| Complete |  0
|  45|0x0000000611800000, 0x0000000611c00000, 0x0000000611c00000|100%| E|CS|TAMS 0x0000000611800000| PB 0x0000000611800000| Complete |  0
|  46|0x0000000611c00000, 0x0000000612000000, 0x0000000612000000|100%| E|CS|TAMS 0x0000000611c00000| PB 0x0000000611c00000| Complete |  0
|  47|0x0000000612000000, 0x0000000612400000, 0x0000000612400000|100%| E|CS|TAMS 0x0000000612000000| PB 0x0000000612000000| Complete |  0
|  48|0x0000000612400000, 0x0000000612800000, 0x0000000612800000|100%| E|CS|TAMS 0x0000000612400000| PB 0x0000000612400000| Complete |  0
|  49|0x0000000612800000, 0x0000000612c00000, 0x0000000612c00000|100%| E|CS|TAMS 0x0000000612800000| PB 0x0000000612800000| Complete |  0
|  50|0x0000000612c00000, 0x0000000613000000, 0x0000000613000000|100%| E|CS|TAMS 0x0000000612c00000| PB 0x0000000612c00000| Complete |  0
|  51|0x0000000613000000, 0x0000000613400000, 0x0000000613400000|100%| E|CS|TAMS 0x0000000613000000| PB 0x0000000613000000| Complete |  0
|  52|0x0000000613400000, 0x0000000613800000, 0x0000000613800000|100%| E|CS|TAMS 0x0000000613400000| PB 0x0000000613400000| Complete |  0
|  53|0x0000000613800000, 0x0000000613c00000, 0x0000000613c00000|100%| E|CS|TAMS 0x0000000613800000| PB 0x0000000613800000| Complete |  0
|  54|0x0000000613c00000, 0x0000000614000000, 0x0000000614000000|100%| E|CS|TAMS 0x0000000613c00000| PB 0x0000000613c00000| Complete |  0
|2021|0x00000007ff800000, 0x00000007ffc00000, 0x00000007ffc00000|100%| O|  |TAMS 0x00000007ff800000| PB 0x00000007ff800000| Untracked |  0
|2022|0x00000007ffc00000, 0x0000000800000000, 0x0000000800000000|100%| E|CS|TAMS 0x00000007ffc00000| PB 0x00000007ffc00000| Complete |  0

Card table byte_map: [0x000002429c110000,0x000002429d0e0000] _byte_map_base: 0x00000242990de000

Marking Bits: (CMBitMap*) 0x00000242832af620
 Bits: [0x000002429d0e0000, 0x00000242a4f50000)

Polling page: 0x0000024281020000

Metaspace:

Usage:
  Non-class:     83.75 MB used.
      Class:     10.16 MB used.
       Both:     93.91 MB used.

Virtual space:
  Non-class space:      128.00 MB reserved,      84.25 MB ( 66%) committed,  2 nodes.
      Class space:        1.00 GB reserved,      10.62 MB (  1%) committed,  1 nodes.
             Both:        1.12 GB reserved,      94.88 MB (  8%) committed. 

Chunk freelists:
   Non-Class:  11.22 MB
       Class:  5.40 MB
        Both:  16.62 MB

MaxMetaspaceSize: unlimited
CompressedClassSpaceSize: 1.00 GB
Initial GC threshold: 21.00 MB
Current GC threshold: 158.12 MB
CDS: on
 - commit_granule_bytes: 65536.
 - commit_granule_words: 8192.
 - virtual_space_node_default_size: 8388608.
 - enlarge_chunks_in_place: 1.
UseCompressedClassPointers 1, UseCompactObjectHeaders 0
Narrow klass pointer bits 32, Max shift 3
Narrow klass base: 0x00000242a8000000, Narrow klass shift: 0
Encoding Range: [0x00000242a8000000 - 0x00000243a8000000), (4294967296 bytes)
Klass Range:    [0x00000242a8000000 - 0x00000242e9000000), (1090519040 bytes)
Klass ID Range:  [8 - 1090519033) (1090519025)


Internal statistics:

num_allocs_failed_limit: 12.
num_arena_births: 1684.
num_arena_deaths: 0.
num_vsnodes_births: 3.
num_vsnodes_deaths: 0.
num_space_committed: 1518.
num_space_uncommitted: 0.
num_chunks_returned_to_freelist: 12.
num_chunks_taken_from_freelist: 5379.
num_chunk_merges: 9.
num_chunk_splits: 3815.
num_chunks_enlarged: 2861.
num_inconsistent_stats: 0.

CodeHeap 'non-profiled nmethods': size=120064Kb used=8463Kb max_used=10224Kb free=111600Kb
 bounds [0x00000242935a0000, 0x0000024293fa0000, 0x000002429aae0000]
CodeHeap 'profiled nmethods': size=120000Kb used=20719Kb max_used=27042Kb free=99280Kb
 bounds [0x000002428bae0000, 0x000002428d550000, 0x0000024293010000]
CodeHeap 'non-nmethods': size=5696Kb used=1863Kb max_used=2082Kb free=3832Kb
 bounds [0x0000024293010000, 0x0000024293280000, 0x00000242935a0000]
CodeCache: size=245760Kb, used=31045Kb, max_used=39348Kb, free=214712Kb
 total_blobs=13105, nmethods=12293, adapters=715, full_count=0
Compilation: enabled, stopped_count=0, restarted_count=0

Compilation events (20 events):
Event: 1779.079 Thread 0x00000242a7c48a20 17887       3       java.net.Socket$SocketInputStream::read (69 bytes)
Event: 1779.079 Thread 0x00000242a7c48a20 nmethod 17887 0x000002428bc23608 code [0x000002428bc23720, 0x000002428bc238c8]
Event: 1779.079 Thread 0x00000242a7c48a20 17875       3       sun.security.ssl.Record::getInt24 (38 bytes)
Event: 1779.079 Thread 0x00000242a7c48a20 nmethod 17875 0x000002428bd2db08 code [0x000002428bd2dc80, 0x000002428bd2e290]
Event: 1779.079 Thread 0x00000242a7c48a20 17888   !   3       sun.nio.ch.NioSocketImpl::endRead (58 bytes)
Event: 1779.079 Thread 0x00000242a7c48a20 nmethod 17888 0x000002428bdaf808 code [0x000002428bdaf960, 0x000002428bdafe18]
Event: 1779.079 Thread 0x00000242a7c48a20 17889       2       com.mysql.cj.protocol.a.result.ResultsetRowsStatic::next (5 bytes)
Event: 1779.079 Thread 0x00000242a7c48a20 nmethod 17889 0x000002428bc46888 code [0x000002428bc469a0, 0x000002428bc46ac0]
Event: 1779.079 Thread 0x00000242a7c48a20 17880       3       java.lang.invoke.MethodHandle$1::apply (9 bytes)
Event: 1779.079 Thread 0x00000242a7c48a20 nmethod 17880 0x000002428bc9fb88 code [0x000002428bc9fcc0, 0x000002428bc9ff70]
Event: 1779.079 Thread 0x00000242a7c48a20 17881       3       java.lang.invoke.MethodHandle$1::apply (9 bytes)
Event: 1779.079 Thread 0x00000242a7c48a20 nmethod 17881 0x000002428bc4da08 code [0x000002428bc4db20, 0x000002428bc4dc88]
Event: 1779.079 Thread 0x00000242a7c48a20 17879       1       sun.security.rsa.RSAPublicKeyImpl::getModulus (5 bytes)
Event: 1779.079 Thread 0x00000242a7c48a20 nmethod 17879 0x000002429363bc88 code [0x000002429363bd80, 0x000002429363be48]
Event: 1779.079 Thread 0x00000242a7c48a20 17884       1       sun.security.ssl.SSLSocketImpl::useDelegatedTask (2 bytes)
Event: 1779.079 Thread 0x00000242a7c48a20 nmethod 17884 0x000002429363cb88 code [0x000002429363cc80, 0x000002429363cd48]
Event: 1779.079 Thread 0x00000242a7c48a20 17885       1       sun.security.ssl.SSLSessionImpl::getPeerHost (5 bytes)
Event: 1779.079 Thread 0x00000242a7c48a20 nmethod 17885 0x000002429363e708 code [0x000002429363e800, 0x000002429363e8c8]
Event: 1779.079 Thread 0x00000242a7c48a20 17886       1       sun.security.ssl.SSLSessionImpl::getPeerPort (5 bytes)
Event: 1779.080 Thread 0x00000242a7c48a20 nmethod 17886 0x0000024293645c08 code [0x0000024293645d00, 0x0000024293645dc8]

GC Heap History (20 events):
Event: 5.703 GC heap before
{Heap before GC invocations=20 (full 0):
 garbage-first heap   total reserved 8286208K, committed 143360K, used 107152K [0x0000000606400000, 0x0000000800000000)
  region size 4096K, 7 young (28672K), 1 survivors (4096K)
 Metaspace       used 76001K, committed 76544K, reserved 1179648K
  class space    used 8443K, committed 8704K, reserved 1048576K
}
Event: 5.707 GC heap after
{Heap after GC invocations=21 (full 0):
 garbage-first heap   total reserved 8286208K, committed 143360K, used 90734K [0x0000000606400000, 0x0000000800000000)
  region size 4096K, 1 young (4096K), 1 survivors (4096K)
 Metaspace       used 76001K, committed 76544K, reserved 1179648K
  class space    used 8443K, committed 8704K, reserved 1048576K
}
Event: 5.720 GC heap before
{Heap before GC invocations=21 (full 0):
 garbage-first heap   total reserved 8286208K, committed 143360K, used 111214K [0x0000000606400000, 0x0000000800000000)
  region size 4096K, 7 young (28672K), 1 survivors (4096K)
 Metaspace       used 76001K, committed 76544K, reserved 1179648K
  class space    used 8443K, committed 8704K, reserved 1048576K
}
Event: 5.725 GC heap after
{Heap after GC invocations=22 (full 0):
 garbage-first heap   total reserved 8286208K, committed 339968K, used 102001K [0x0000000606400000, 0x0000000800000000)
  region size 4096K, 1 young (4096K), 1 survivors (4096K)
 Metaspace       used 76001K, committed 76544K, reserved 1179648K
  class space    used 8443K, committed 8704K, reserved 1048576K
}
Event: 5.953 GC heap before
{Heap before GC invocations=22 (full 0):
 garbage-first heap   total reserved 8286208K, committed 339968K, used 245361K [0x0000000606400000, 0x0000000800000000)
  region size 4096K, 37 young (151552K), 1 survivors (4096K)
 Metaspace       used 77963K, committed 78528K, reserved 1179648K
  class space    used 8648K, committed 8896K, reserved 1048576K
}
Event: 5.966 GC heap after
{Heap after GC invocations=23 (full 0):
 garbage-first heap   total reserved 8286208K, committed 339968K, used 143860K [0x0000000606400000, 0x0000000800000000)
  region size 4096K, 5 young (20480K), 5 survivors (20480K)
 Metaspace       used 77963K, committed 78528K, reserved 1179648K
  class space    used 8648K, committed 8896K, reserved 1048576K
}
Event: 468.311 GC heap before
{Heap before GC invocations=24 (full 0):
 garbage-first heap   total reserved 8286208K, committed 339968K, used 225780K [0x0000000606400000, 0x0000000800000000)
  region size 4096K, 29 young (118784K), 5 survivors (20480K)
 Metaspace       used 90420K, committed 91072K, reserved 1179648K
  class space    used 10035K, committed 10304K, reserved 1048576K
}
Event: 468.320 GC heap after
{Heap after GC invocations=25 (full 0):
 garbage-first heap   total reserved 8286208K, committed 339968K, used 138036K [0x0000000606400000, 0x0000000800000000)
  region size 4096K, 3 young (12288K), 3 survivors (12288K)
 Metaspace       used 90420K, committed 91072K, reserved 1179648K
  class space    used 10035K, committed 10304K, reserved 1048576K
}
Event: 499.647 GC heap before
{Heap before GC invocations=25 (full 0):
 garbage-first heap   total reserved 8286208K, committed 339968K, used 252724K [0x0000000606400000, 0x0000000800000000)
  region size 4096K, 31 young (126976K), 3 survivors (12288K)
 Metaspace       used 93715K, committed 94528K, reserved 1179648K
  class space    used 10200K, committed 10560K, reserved 1048576K
}
Event: 499.650 GC heap after
{Heap after GC invocations=26 (full 0):
 garbage-first heap   total reserved 8286208K, committed 339968K, used 121143K [0x0000000606400000, 0x0000000800000000)
  region size 4096K, 2 young (8192K), 2 survivors (8192K)
 Metaspace       used 93715K, committed 94528K, reserved 1179648K
  class space    used 10200K, committed 10560K, reserved 1048576K
}
Event: 501.670 GC heap before
{Heap before GC invocations=26 (full 0):
 garbage-first heap   total reserved 8286208K, committed 339968K, used 256311K [0x0000000606400000, 0x0000000800000000)
  region size 4096K, 35 young (143360K), 2 survivors (8192K)
 Metaspace       used 95014K, committed 95936K, reserved 1179648K
  class space    used 10273K, committed 10688K, reserved 1048576K
}
Event: 501.672 GC heap after
{Heap after GC invocations=27 (full 0):
 garbage-first heap   total reserved 8286208K, committed 339968K, used 121498K [0x0000000606400000, 0x0000000800000000)
  region size 4096K, 3 young (12288K), 3 survivors (12288K)
 Metaspace       used 95014K, committed 95936K, reserved 1179648K
  class space    used 10273K, committed 10688K, reserved 1048576K
}
Event: 743.486 GC heap before
{Heap before GC invocations=28 (full 0):
 garbage-first heap   total reserved 8286208K, committed 339968K, used 264858K [0x0000000606400000, 0x0000000800000000)
  region size 4096K, 38 young (155648K), 3 survivors (12288K)
 Metaspace       used 95654K, committed 96640K, reserved 1179648K
  class space    used 10341K, committed 10816K, reserved 1048576K
}
Event: 743.489 GC heap after
{Heap after GC invocations=29 (full 0):
 garbage-first heap   total reserved 8286208K, committed 339968K, used 121677K [0x0000000606400000, 0x0000000800000000)
  region size 4096K, 3 young (12288K), 3 survivors (12288K)
 Metaspace       used 95654K, committed 96640K, reserved 1179648K
  class space    used 10341K, committed 10816K, reserved 1048576K
}
Event: 842.121 GC heap before
{Heap before GC invocations=29 (full 0):
 garbage-first heap   total reserved 8286208K, committed 339968K, used 273229K [0x0000000606400000, 0x0000000800000000)
  region size 4096K, 40 young (163840K), 3 survivors (12288K)
 Metaspace       used 96078K, committed 97024K, reserved 1179648K
  class space    used 10399K, committed 10880K, reserved 1048576K
}
Event: 842.124 GC heap after
{Heap after GC invocations=30 (full 0):
 garbage-first heap   total reserved 8286208K, committed 339968K, used 85456K [0x0000000606400000, 0x0000000800000000)
  region size 4096K, 3 young (12288K), 3 survivors (12288K)
 Metaspace       used 96078K, committed 97024K, reserved 1179648K
  class space    used 10399K, committed 10880K, reserved 1048576K
}
Event: 1099.585 GC heap before
{Heap before GC invocations=30 (full 0):
 garbage-first heap   total reserved 8286208K, committed 339968K, used 261584K [0x0000000606400000, 0x0000000800000000)
  region size 4096K, 46 young (188416K), 3 survivors (12288K)
 Metaspace       used 96118K, committed 97152K, reserved 1179648K
  class space    used 10404K, committed 10880K, reserved 1048576K
}
Event: 1099.589 GC heap after
{Heap after GC invocations=31 (full 0):
 garbage-first heap   total reserved 8286208K, committed 339968K, used 62461K [0x0000000606400000, 0x0000000800000000)
  region size 4096K, 2 young (8192K), 2 survivors (8192K)
 Metaspace       used 96118K, committed 97152K, reserved 1179648K
  class space    used 10404K, committed 10880K, reserved 1048576K
}
Event: 1102.424 GC heap before
{Heap before GC invocations=31 (full 0):
 garbage-first heap   total reserved 8286208K, committed 339968K, used 250877K [0x0000000606400000, 0x0000000800000000)
  region size 4096K, 49 young (200704K), 2 survivors (8192K)
 Metaspace       used 96132K, committed 97152K, reserved 1179648K
  class space    used 10405K, committed 10880K, reserved 1048576K
}
Event: 1102.428 GC heap after
{Heap after GC invocations=32 (full 0):
 garbage-first heap   total reserved 8286208K, committed 339968K, used 62663K [0x0000000606400000, 0x0000000800000000)
  region size 4096K, 3 young (12288K), 3 survivors (12288K)
 Metaspace       used 96132K, committed 97152K, reserved 1179648K
  class space    used 10405K, committed 10880K, reserved 1048576K
}

Dll operation events (13 events):
Event: 0.006 Loaded shared library C:\Users\VUNGUYEN\.jdks\openjdk-24\bin\java.dll
Event: 0.022 Loaded shared library C:\Users\VUNGUYEN\.jdks\openjdk-24\bin\jsvml.dll
Event: 0.077 Loaded shared library C:\Users\VUNGUYEN\.jdks\openjdk-24\bin\zip.dll
Event: 0.078 Loaded shared library C:\Users\VUNGUYEN\.jdks\openjdk-24\bin\instrument.dll
Event: 0.082 Loaded shared library C:\Users\VUNGUYEN\.jdks\openjdk-24\bin\net.dll
Event: 0.083 Loaded shared library C:\Users\VUNGUYEN\.jdks\openjdk-24\bin\nio.dll
Event: 0.085 Loaded shared library C:\Users\VUNGUYEN\.jdks\openjdk-24\bin\zip.dll
Event: 0.138 Loaded shared library C:\Users\VUNGUYEN\.jdks\openjdk-24\bin\extnet.dll
Event: 0.158 Loaded shared library C:\Users\VUNGUYEN\.jdks\openjdk-24\bin\jimage.dll
Event: 0.912 Loaded shared library C:\Users\VUNGUYEN\.jdks\openjdk-24\bin\sunmscapi.dll
Event: 1.645 Loaded shared library C:\Users\VUNGUYEN\.jdks\openjdk-24\bin\management.dll
Event: 1.646 Loaded shared library C:\Users\VUNGUYEN\.jdks\openjdk-24\bin\management_ext.dll
Event: 3.904 Loaded shared library C:\Users\VUNGUYEN\.jdks\openjdk-24\bin\verify.dll

Deoptimization events (20 events):
Event: 1762.049 Thread 0x00000242f1ceafb0 Uncommon trap: trap_request=0xffffffbe fr.pc=0x0000024293cc9044 relative=0x0000000000001204
Event: 1762.049 Thread 0x00000242f1ceafb0 Uncommon trap: reason=profile_predicate action=maybe_recompile pc=0x0000024293cc9044 method=sun.security.ssl.SSLTransport.decode(Lsun/security/ssl/TransportContext;[Ljava/nio/ByteBuffer;II[Ljava/nio/ByteBuffer;II)Lsun/security/ssl/Plaintext; @ 178 c2
Event: 1762.049 Thread 0x00000242f1ceafb0 DEOPT PACKING pc=0x0000024293cc9044 sp=0x000000f2998fe320
Event: 1762.049 Thread 0x00000242f1ceafb0 DEOPT UNPACKING pc=0x0000024293135502 sp=0x000000f2998fe2e8 mode 2
Event: 1762.049 Thread 0x00000242f1ceafb0 Uncommon trap: trap_request=0xffffffbe fr.pc=0x0000024293cc9044 relative=0x0000000000001204
Event: 1762.049 Thread 0x00000242f1ceafb0 Uncommon trap: reason=profile_predicate action=maybe_recompile pc=0x0000024293cc9044 method=sun.security.ssl.SSLTransport.decode(Lsun/security/ssl/TransportContext;[Ljava/nio/ByteBuffer;II[Ljava/nio/ByteBuffer;II)Lsun/security/ssl/Plaintext; @ 178 c2
Event: 1762.049 Thread 0x00000242f1ceafb0 DEOPT PACKING pc=0x0000024293cc9044 sp=0x000000f2998fe320
Event: 1762.049 Thread 0x00000242f1ceafb0 DEOPT UNPACKING pc=0x0000024293135502 sp=0x000000f2998fe2e8 mode 2
Event: 1762.054 Thread 0x00000242f1ceafb0 Uncommon trap: trap_request=0xffffff4d fr.pc=0x0000024293e52ef8 relative=0x0000000000000338
Event: 1762.054 Thread 0x00000242f1ceafb0 Uncommon trap: reason=unstable_if action=reinterpret pc=0x0000024293e52ef8 method=sun.nio.cs.UTF_8$Encoder.encodeArrayLoop(Ljava/nio/CharBuffer;Ljava/nio/ByteBuffer;)Ljava/nio/charset/CoderResult; @ 103 c2
Event: 1762.054 Thread 0x00000242f1ceafb0 DEOPT PACKING pc=0x0000024293e52ef8 sp=0x000000f2998fe730
Event: 1762.054 Thread 0x00000242f1ceafb0 DEOPT UNPACKING pc=0x0000024293135502 sp=0x000000f2998fe698 mode 2
Event: 1762.054 Thread 0x00000242f1ceafb0 Uncommon trap: trap_request=0xffffff4d fr.pc=0x0000024293b17350 relative=0x00000000000001d0
Event: 1762.054 Thread 0x00000242f1ceafb0 Uncommon trap: reason=unstable_if action=reinterpret pc=0x0000024293b17350 method=java.lang.StringCoding.implEncodeAsciiArray([CI[BII)I @ 23 c2
Event: 1762.054 Thread 0x00000242f1ceafb0 DEOPT PACKING pc=0x0000024293b17350 sp=0x000000f2998fe610
Event: 1762.054 Thread 0x00000242f1ceafb0 DEOPT UNPACKING pc=0x0000024293135502 sp=0x000000f2998fe580 mode 2
Event: 1773.264 Thread 0x00000242f1cea860 Uncommon trap: trap_request=0xffffff9d fr.pc=0x0000024293b9dc58 relative=0x0000000000001058
Event: 1773.264 Thread 0x00000242f1cea860 Uncommon trap: reason=unreached action=reinterpret pc=0x0000024293b9dc58 method=sun.nio.ch.NioSocketImpl.tryRead(Ljava/io/FileDescriptor;[BII)I @ 77 c2
Event: 1773.264 Thread 0x00000242f1cea860 DEOPT PACKING pc=0x0000024293b9dc58 sp=0x000000f2997fe7c0
Event: 1773.264 Thread 0x00000242f1cea860 DEOPT UNPACKING pc=0x0000024293135502 sp=0x000000f2997fe788 mode 2

Classes loaded (20 events):
Event: 499.443 Loading class javax/crypto/spec/OAEPParameterSpec
Event: 499.443 Loading class javax/crypto/spec/OAEPParameterSpec done
Event: 499.446 Loading class java/util/zip/DeflaterOutputStream
Event: 499.446 Loading class java/util/zip/DeflaterOutputStream done
Event: 499.447 Loading class java/util/zip/GZIPOutputStream
Event: 499.447 Loading class java/util/zip/GZIPOutputStream done
Event: 499.447 Loading class java/util/zip/GZIPInputStream
Event: 499.447 Loading class java/util/zip/GZIPInputStream done
Event: 501.485 Loading class jdk/internal/reflect/MethodHandleDoubleFieldAccessorImpl
Event: 501.485 Loading class jdk/internal/reflect/MethodHandleDoubleFieldAccessorImpl done
Event: 739.336 Loading class java/time/format/DateTimeParseContext
Event: 739.341 Loading class java/time/format/DateTimeParseContext done
Event: 739.341 Loading class java/time/format/Parsed
Event: 739.342 Loading class java/time/format/Parsed done
Event: 814.075 Loading class jdk/internal/reflect/MethodHandleFloatFieldAccessorImpl
Event: 814.075 Loading class jdk/internal/reflect/MethodHandleFloatFieldAccessorImpl done
Event: 857.632 Loading class jdk/internal/math/FormattedFPDecimal
Event: 857.632 Loading class jdk/internal/math/FormattedFPDecimal done
Event: 1773.264 Loading class sun/net/ConnectionResetException
Event: 1773.264 Loading class sun/net/ConnectionResetException done

Classes unloaded (0 events):
No events

Classes redefined (0 events):
No events

Internal exceptions (20 events):
Event: 642.199 Thread 0x00000242ee5474a0 Implicit null exception at 0x0000024293c87dcc to 0x0000024293c88740
Event: 739.394 Thread 0x00000242ee542430 Implicit null exception at 0x0000024293e015a7 to 0x0000024293e018b0
Event: 739.402 Thread 0x00000242ee542430 Exception <a 'java/lang/IncompatibleClassChangeError'{0x0000000616877a88}: Found class java.lang.Object, but interface was expected> (0x0000000616877a88) 
thrown [s\open\src\hotspot\share\interpreter\linkResolver.cpp, line 872]
Event: 743.299 Thread 0x00000242ee545010 Implicit null exception at 0x0000024293c43f1d to 0x0000024293c44728
Event: 743.299 Thread 0x00000242ee545010 Implicit null exception at 0x0000024293c453a1 to 0x0000024293c45a18
Event: 743.299 Thread 0x00000242ee545010 Implicit null exception at 0x0000024293c219c5 to 0x0000024293c21c88
Event: 743.519 Thread 0x00000242ee545010 Implicit null exception at 0x0000024293bfadfc to 0x0000024293bfb380
Event: 751.331 Thread 0x00000242ee546600 Exception <a 'java/lang/NoSuchMethodError'{0x00000006196c2550}: 'java.lang.Object java.lang.invoke.DirectMethodHandle$Holder.invokeInterface(java.lang.Object, java.lang.Object, java.lang.Object, java.lang.Object, java.lang.Object)'> (0x00000006196c2550) 
thrown [s\open\src\hotspot\share\interpreter\linkResolver.cpp, line 805]
Event: 751.347 Thread 0x00000242ee546600 Implicit null exception at 0x0000024293e60854 to 0x0000024293e61080
Event: 814.075 Thread 0x00000242ee545760 Exception <a 'java/lang/NoSuchMethodError'{0x0000000618f0ffe0}: 'float java.lang.invoke.Invokers$Holder.invokeExact_MT(java.lang.Object, java.lang.Object, java.lang.Object)'> (0x0000000618f0ffe0) 
thrown [s\open\src\hotspot\share\interpreter\linkResolver.cpp, line 805]
Event: 814.077 Thread 0x00000242ee545760 Implicit null exception at 0x0000024293dffeab to 0x0000024293e00778
Event: 814.083 Thread 0x00000242ee545760 Exception <a 'java/lang/NoSuchMethodError'{0x0000000618826db0}: 'java.lang.Object java.lang.invoke.Invokers$Holder.linkToTargetMethod(java.lang.Object, int, java.lang.Object, java.lang.Object, java.lang.Object, java.lang.Object)'> (0x0000000618826db0) 
thrown [s\open\src\hotspot\share\interpreter\linkResolver.cpp, line 805]
Event: 814.083 Thread 0x00000242ee545760 Exception <a 'java/lang/NoSuchMethodError'{0x0000000618840c98}: 'int java.lang.invoke.DirectMethodHandle$Holder.invokeStatic(java.lang.Object, java.lang.Object, int, java.lang.Object)'> (0x0000000618840c98) 
thrown [s\open\src\hotspot\share\interpreter\linkResolver.cpp, line 805]
Event: 814.115 Thread 0x00000242ee545760 Exception <a 'java/lang/IncompatibleClassChangeError'{0x00000006189571b0}: Found class java.lang.Object, but interface was expected> (0x00000006189571b0) 
thrown [s\open\src\hotspot\share\interpreter\linkResolver.cpp, line 872]
Event: 1762.044 Thread 0x00000242f1ceafb0 Implicit null exception at 0x0000024293cc7fad to 0x0000024293cc900c
Event: 1762.049 Thread 0x00000242f1ceafb0 Implicit null exception at 0x0000024293cc7fad to 0x0000024293cc900c
Event: 1762.049 Thread 0x00000242f1ceafb0 Implicit null exception at 0x0000024293cc7fad to 0x0000024293cc900c
Event: 1762.049 Thread 0x00000242f1ceafb0 Implicit null exception at 0x0000024293cc7fad to 0x0000024293cc900c
Event: 1773.264 Thread 0x00000242f1cea860 Exception <a 'java/io/IOException'{0x000000060ce274d8}> (0x000000060ce274d8) 
thrown [s\open\src\hotspot\share\prims\jni.cpp, line 518]
Event: 1779.073 Thread 0x00000242f1ce7c80 Exception <a 'java/net/SocketException'{0x000000060ceddd68}: Connection reset by peer: shutdown> (0x000000060ceddd68) 
thrown [s\open\src\hotspot\share\prims\jni.cpp, line 536]

VM Operations (20 events):
Event: 962.160 Executing VM operation: RendezvousGCThreads
Event: 962.160 Executing VM operation: RendezvousGCThreads done
Event: 1082.404 Executing VM operation: HandshakeAllThreads (HandshakeForDeflation)
Event: 1082.404 Executing VM operation: HandshakeAllThreads (HandshakeForDeflation) done
Event: 1082.404 Executing VM operation: RendezvousGCThreads
Event: 1082.404 Executing VM operation: RendezvousGCThreads done
Event: 1099.585 Executing VM operation: G1CollectForAllocation (G1 Evacuation Pause)
Event: 1099.589 Executing VM operation: G1CollectForAllocation (G1 Evacuation Pause) done
Event: 1102.424 Executing VM operation: G1CollectForAllocation (G1 Evacuation Pause)
Event: 1102.428 Executing VM operation: G1CollectForAllocation (G1 Evacuation Pause) done
Event: 1102.444 Executing VM operation: G1PauseRemark
Event: 1102.452 Executing VM operation: G1PauseRemark done
Event: 1102.457 Executing VM operation: G1PauseCleanup
Event: 1102.457 Executing VM operation: G1PauseCleanup done
Event: 1142.533 Executing VM operation: HandshakeAllThreads (HandshakeForDeflation)
Event: 1142.533 Executing VM operation: HandshakeAllThreads (HandshakeForDeflation) done
Event: 1142.534 Executing VM operation: RendezvousGCThreads
Event: 1142.534 Executing VM operation: RendezvousGCThreads done
Event: 1773.266 Executing VM operation: HandshakeAllThreads (Deoptimize)
Event: 1773.266 Executing VM operation: HandshakeAllThreads (Deoptimize) done

Memory protections (0 events):
No events

Nmethod flushes (20 events):
Event: 1102.450 Thread 0x00000242a7bf3ac0 flushing  nmethod 0x000002428cb10008
Event: 1102.450 Thread 0x00000242a7bf3ac0 flushing  nmethod 0x000002428cb11f08
Event: 1102.450 Thread 0x00000242a7bf3ac0 flushing  nmethod 0x000002428cb14608
Event: 1102.450 Thread 0x00000242a7bf3ac0 flushing  nmethod 0x000002428cc4fa08
Event: 1102.450 Thread 0x00000242a7bf3ac0 flushing  nmethod 0x000002428cc56588
Event: 1102.450 Thread 0x00000242a7bf3ac0 flushing  nmethod 0x000002428cca1e88
Event: 1102.450 Thread 0x00000242a7bf3ac0 flushing  nmethod 0x000002428cced388
Event: 1102.450 Thread 0x00000242a7bf3ac0 flushing  nmethod 0x000002428cced688
Event: 1102.450 Thread 0x00000242a7bf3ac0 flushing  nmethod 0x000002428ce80e88
Event: 1102.450 Thread 0x00000242a7bf3ac0 flushing  nmethod 0x000002428d103988
Event: 1102.450 Thread 0x00000242a7bf3ac0 flushing  nmethod 0x000002428d10b188
Event: 1102.450 Thread 0x00000242a7bf3ac0 flushing  nmethod 0x000002428d10bd88
Event: 1102.450 Thread 0x00000242a7bf3ac0 flushing  nmethod 0x000002428d10c108
Event: 1102.450 Thread 0x00000242a7bf3ac0 flushing  nmethod 0x000002428d137408
Event: 1102.450 Thread 0x00000242a7bf3ac0 flushing  nmethod 0x000002428d138688
Event: 1102.450 Thread 0x00000242a7bf3ac0 flushing  nmethod 0x000002428d13af08
Event: 1102.450 Thread 0x00000242a7bf3ac0 flushing  nmethod 0x000002428d13b208
Event: 1102.450 Thread 0x00000242a7bf3ac0 flushing  nmethod 0x000002428d13b508
Event: 1102.450 Thread 0x00000242a7bf3ac0 flushing  nmethod 0x000002428d13b808
Event: 1102.450 Thread 0x00000242a7bf3ac0 flushing  nmethod 0x000002428d176088

Events (20 events):
Event: 1099.606 Thread 0x00000242a7c48a20 Thread added: 0x00000242f19d6ab0
Event: 1099.606 Thread 0x00000242a7c48a20 Thread added: 0x00000242f19d44e0
Event: 1102.177 Thread 0x00000242f19d44e0 Thread exited: 0x00000242f19d44e0
Event: 1102.177 Thread 0x00000242f19d6ab0 Thread exited: 0x00000242f19d6ab0
Event: 1762.032 Thread 0x00000242f0ebd330 Thread added: 0x00000242f1cea860
Event: 1762.033 Thread 0x00000242f1cea860 Thread added: 0x00000242f1ceafb0
Event: 1762.036 Thread 0x00000242a7c48a20 Thread added: 0x00000242f19d6ab0
Event: 1762.036 Thread 0x00000242a7c48a20 Thread added: 0x00000242f19d79d0
Event: 1767.034 Thread 0x00000242f1cea860 Thread exited: 0x00000242f1cea860
Event: 1767.055 Thread 0x00000242f19d79d0 Thread exited: 0x00000242f19d79d0
Event: 1767.061 Thread 0x00000242f19d6ab0 Thread exited: 0x00000242f19d6ab0
Event: 1767.085 Thread 0x00000242f1ceafb0 Thread exited: 0x00000242f1ceafb0
Event: 1773.264 Thread 0x00000242f0ebd330 Thread added: 0x00000242f1cea860
Event: 1773.266 Thread 0x00000242f1cea860 Thread added: 0x00000242f1ceafb0
Event: 1773.273 Thread 0x00000242a7c48a20 Thread added: 0x00000242f19d6ab0
Event: 1778.269 Thread 0x00000242f1cea860 Thread exited: 0x00000242f1cea860
Event: 1778.281 Thread 0x00000242f0ebd330 Thread added: 0x00000242f1ce7c80
Event: 1778.283 Thread 0x00000242f19d6ab0 Thread exited: 0x00000242f19d6ab0
Event: 1779.075 Thread 0x00000242a7c48a20 Thread added: 0x00000242f19d6ab0
Event: 1779.078 Thread 0x00000242a7c48a20 Thread added: 0x00000242f19d79d0


Dynamic libraries:
0x00007ff6d8270000 - 0x00007ff6d827e000 	C:\Users\VUNGUYEN\.jdks\openjdk-24\bin\java.exe
0x00007ffb414c0000 - 0x00007ffb41720000 	C:\WINDOWS\SYSTEM32\ntdll.dll
0x00007ffb404b0000 - 0x00007ffb40577000 	C:\WINDOWS\System32\KERNEL32.DLL
0x00007ffb3e820000 - 0x00007ffb3ebea000 	C:\WINDOWS\System32\KERNELBASE.dll
0x00007ffb3f170000 - 0x00007ffb3f2bb000 	C:\WINDOWS\System32\ucrtbase.dll
0x00007ffb3b660000 - 0x00007ffb3b676000 	C:\Users\VUNGUYEN\.jdks\openjdk-24\bin\jli.dll
0x00007ffb38d50000 - 0x00007ffb38d6b000 	C:\Users\VUNGUYEN\.jdks\openjdk-24\bin\VCRUNTIME140.dll
0x00007ffb40f80000 - 0x00007ffb4114c000 	C:\WINDOWS\System32\USER32.dll
0x00007ffb27220000 - 0x00007ffb274b7000 	C:\WINDOWS\WinSxS\amd64_microsoft.windows.common-controls_6595b64144ccf1df_6.0.26100.3624_none_3e086962e3345f24\COMCTL32.dll
0x00007ffb3ed30000 - 0x00007ffb3ed57000 	C:\WINDOWS\System32\win32u.dll
0x00007ffb40d20000 - 0x00007ffb40d4a000 	C:\WINDOWS\System32\GDI32.dll
0x00007ffb40b50000 - 0x00007ffb40bf9000 	C:\WINDOWS\System32\msvcrt.dll
0x00007ffb3ebf0000 - 0x00007ffb3ed21000 	C:\WINDOWS\System32\gdi32full.dll
0x00007ffb3ed60000 - 0x00007ffb3ee03000 	C:\WINDOWS\System32\msvcp_win.dll
0x00007ffb412b0000 - 0x00007ffb412df000 	C:\WINDOWS\System32\IMM32.DLL
0x00007ffb38d40000 - 0x00007ffb38d4c000 	C:\Users\VUNGUYEN\.jdks\openjdk-24\bin\vcruntime140_1.dll
0x00007ffb38710000 - 0x00007ffb3879e000 	C:\Users\VUNGUYEN\.jdks\openjdk-24\bin\msvcp140.dll
0x00007ffaaaad0000 - 0x00007ffaab872000 	C:\Users\VUNGUYEN\.jdks\openjdk-24\bin\server\jvm.dll
0x00007ffb40670000 - 0x00007ffb40722000 	C:\WINDOWS\System32\ADVAPI32.dll
0x00007ffb3f810000 - 0x00007ffb3f8b6000 	C:\WINDOWS\System32\sechost.dll
0x00007ffb40c00000 - 0x00007ffb40d16000 	C:\WINDOWS\System32\RPCRT4.dll
0x00007ffb41150000 - 0x00007ffb411c4000 	C:\WINDOWS\System32\WS2_32.dll
0x00007ffb3d330000 - 0x00007ffb3d38e000 	C:\WINDOWS\SYSTEM32\POWRPROF.dll
0x00007ffb38490000 - 0x00007ffb3849b000 	C:\WINDOWS\SYSTEM32\VERSION.dll
0x00007ffb32010000 - 0x00007ffb32046000 	C:\WINDOWS\SYSTEM32\WINMM.dll
0x00007ffb3d310000 - 0x00007ffb3d324000 	C:\WINDOWS\SYSTEM32\UMPDC.dll
0x00007ffb3d5d0000 - 0x00007ffb3d5ea000 	C:\WINDOWS\SYSTEM32\kernel.appcore.dll
0x00007ffb38d10000 - 0x00007ffb38d1a000 	C:\Users\VUNGUYEN\.jdks\openjdk-24\bin\jimage.dll
0x00007ffb2a630000 - 0x00007ffb2a871000 	C:\WINDOWS\SYSTEM32\DBGHELP.DLL
0x00007ffb407c0000 - 0x00007ffb40b42000 	C:\WINDOWS\System32\combase.dll
0x00007ffb411d0000 - 0x00007ffb412a6000 	C:\WINDOWS\System32\OLEAUT32.dll
0x00007ffb22fc0000 - 0x00007ffb22ff9000 	C:\WINDOWS\SYSTEM32\dbgcore.DLL
0x00007ffb3ee10000 - 0x00007ffb3eea9000 	C:\WINDOWS\System32\bcryptPrimitives.dll
0x00007ffb38cb0000 - 0x00007ffb38cbf000 	C:\Users\VUNGUYEN\.jdks\openjdk-24\bin\instrument.dll
0x00007ffb386f0000 - 0x00007ffb3870e000 	C:\Users\VUNGUYEN\.jdks\openjdk-24\bin\java.dll
0x00007ffb40de0000 - 0x00007ffb40f76000 	C:\WINDOWS\System32\ole32.dll
0x00007ffb3fd10000 - 0x00007ffb40439000 	C:\WINDOWS\System32\SHELL32.dll
0x00007ffb3ef70000 - 0x00007ffb3f0d8000 	C:\WINDOWS\System32\wintypes.dll
0x00007ffb3c380000 - 0x00007ffb3cbd2000 	C:\WINDOWS\SYSTEM32\windows.storage.dll
0x00007ffb40580000 - 0x00007ffb4066d000 	C:\WINDOWS\System32\SHCORE.dll
0x00007ffb40d60000 - 0x00007ffb40dc4000 	C:\WINDOWS\System32\shlwapi.dll
0x00007ffb3e5b0000 - 0x00007ffb3e5df000 	C:\WINDOWS\SYSTEM32\profapi.dll
0x00007ffb18070000 - 0x00007ffb18147000 	C:\Users\VUNGUYEN\.jdks\openjdk-24\bin\jsvml.dll
0x00007ffb386b0000 - 0x00007ffb386c7000 	C:\Users\VUNGUYEN\.jdks\openjdk-24\bin\zip.dll
0x00007ffb38c40000 - 0x00007ffb38c50000 	C:\Users\VUNGUYEN\.jdks\openjdk-24\bin\net.dll
0x00007ffb3daf0000 - 0x00007ffb3db5a000 	C:\WINDOWS\system32\mswsock.dll
0x00007ffb386d0000 - 0x00007ffb386e6000 	C:\Users\VUNGUYEN\.jdks\openjdk-24\bin\nio.dll
0x00007ffb386a0000 - 0x00007ffb386a9000 	C:\Users\VUNGUYEN\.jdks\openjdk-24\bin\extnet.dll
0x00007ffb38690000 - 0x00007ffb3869e000 	C:\Users\VUNGUYEN\.jdks\openjdk-24\bin\sunmscapi.dll
0x00007ffb3e6a0000 - 0x00007ffb3e817000 	C:\WINDOWS\System32\CRYPT32.dll
0x00007ffb3df90000 - 0x00007ffb3dfc0000 	C:\WINDOWS\SYSTEM32\ncrypt.dll
0x00007ffb3df40000 - 0x00007ffb3df7f000 	C:\WINDOWS\SYSTEM32\NTASN1.dll
0x00007ffb3dda0000 - 0x00007ffb3ddbc000 	C:\WINDOWS\SYSTEM32\CRYPTSP.dll
0x00007ffb3d530000 - 0x00007ffb3d56a000 	C:\WINDOWS\system32\rsaenh.dll
0x00007ffb3db90000 - 0x00007ffb3dbbb000 	C:\WINDOWS\SYSTEM32\USERENV.dll
0x00007ffb3e580000 - 0x00007ffb3e5a6000 	C:\WINDOWS\SYSTEM32\bcrypt.dll
0x00007ffb3dd90000 - 0x00007ffb3dd9c000 	C:\WINDOWS\SYSTEM32\CRYPTBASE.dll
0x00007ffb3cf70000 - 0x00007ffb3cfa3000 	C:\WINDOWS\SYSTEM32\IPHLPAPI.DLL
0x00007ffb40d50000 - 0x00007ffb40d5a000 	C:\WINDOWS\System32\NSI.dll
0x00007ffb38680000 - 0x00007ffb3868a000 	C:\Users\VUNGUYEN\.jdks\openjdk-24\bin\management.dll
0x00007ffb38670000 - 0x00007ffb3867b000 	C:\Users\VUNGUYEN\.jdks\openjdk-24\bin\management_ext.dll
0x00007ffb40dd0000 - 0x00007ffb40dd8000 	C:\WINDOWS\System32\PSAPI.DLL
0x00007ffb3d000000 - 0x00007ffb3d125000 	C:\WINDOWS\SYSTEM32\DNSAPI.dll
0x00007ffb384a0000 - 0x00007ffb384ab000 	C:\Windows\System32\rasadhlp.dll
0x00007ffb36900000 - 0x00007ffb36985000 	C:\WINDOWS\System32\fwpuclnt.dll
0x00007ffb384f0000 - 0x00007ffb38500000 	C:\Users\VUNGUYEN\.jdks\openjdk-24\bin\verify.dll
0x00007ffb10220000 - 0x00007ffb10228000 	C:\WINDOWS\system32\wshunix.dll

dbghelp: loaded successfully - version: 4.0.5 - missing functions: none
symbol engine: initialized successfully - sym options: 0x614 - pdb path: .;C:\Users\VUNGUYEN\.jdks\openjdk-24\bin;C:\WINDOWS\SYSTEM32;C:\WINDOWS\WinSxS\amd64_microsoft.windows.common-controls_6595b64144ccf1df_6.0.26100.3624_none_3e086962e3345f24;C:\Users\VUNGUYEN\.jdks\openjdk-24\bin\server

VM Arguments:
jvm_args: -javaagent:C:\Program Files\JetBrains\IntelliJ IDEA Community Edition 2024.3.5\lib\idea_rt.jar=53401 -Dfile.encoding=UTF-8 -Dsun.stdout.encoding=UTF-8 -Dsun.stderr.encoding=UTF-8 
java_command: com.wanderfun.infrastructurelayer.WanderfunApplication
java_class_path (initial): C:\Stuffs\Study\DA2\WanderFun_BE\infrastructure-layer\target\classes;C:\Stuffs\Study\DA2\WanderFun_BE\domain-layer\target\classes;C:\Stuffs\Study\DA2\WanderFun_BE\application-layer\target\classes;C:\Stuffs\Study\DA2\WanderFun_BE\presentation-layer\target\classes;C:\Users\VUNGUYEN\.m2\repository\org\springframework\boot\spring-boot-starter-data-jpa\3.4.4\spring-boot-starter-data-jpa-3.4.4.jar;C:\Users\VUNGUYEN\.m2\repository\org\springframework\boot\spring-boot-starter\3.4.4\spring-boot-starter-3.4.4.jar;C:\Users\VUNGUYEN\.m2\repository\org\springframework\boot\spring-boot\3.4.4\spring-boot-3.4.4.jar;C:\Users\VUNGUYEN\.m2\repository\org\springframework\boot\spring-boot-autoconfigure\3.4.4\spring-boot-autoconfigure-3.4.4.jar;C:\Users\VUNGUYEN\.m2\repository\org\springframework\boot\spring-boot-starter-logging\3.4.4\spring-boot-starter-logging-3.4.4.jar;C:\Users\VUNGUYEN\.m2\repository\ch\qos\logback\logback-classic\1.5.18\logback-classic-1.5.18.jar;C:\Users\VUNGUYEN\.m2\repository\ch\qos\logback\logback-core\1.5.18\logback-core-1.5.18.jar;C:\Users\VUNGUYEN\.m2\repository\org\apache\logging\log4j\log4j-to-slf4j\2.24.3\log4j-to-slf4j-2.24.3.jar;C:\Users\VUNGUYEN\.m2\repository\org\apache\logging\log4j\log4j-api\2.24.3\log4j-api-2.24.3.jar;C:\Users\VUNGUYEN\.m2\repository\org\slf4j\jul-to-slf4j\2.0.17\jul-to-slf4j-2.0.17.jar;C:\Users\VUNGUYEN\.m2\repository\jakarta\annotation\jakarta.annotation-api\2.1.1\jakarta.annotation-api-2.1.1.jar;C:\Users\VUNGUYEN\.m2\repository\org\yaml\snakeyaml\2.3\snakeyaml-2.3.jar;C:\Users\VUNGUYEN\.m2\repository\org\springframework\boot\spring-boot-starter-jdbc\3.4.4\spring-boot-starter-jdbc-3.4.4.jar;C:\Users\VUNGUYEN\.m2\repository\com\zaxxer\HikariCP\5.1.0\HikariCP-5.1.0.jar;C:\Users\VUNGUYEN\.m2\repository\org\springframework\spring-jdbc\6.2.5\spring-jdbc-6.2.5.jar;C:\Users\VUNGUYEN\.m2\repository\org\hibernate\orm\hibernate-core\6.6.11.Final\hibernate-core-6.6.11.Final.jar;C:\Users\VUNGUYEN\.m2\repository\jakarta\persistence\jakarta.persistence-api\3.1.0\jakarta.persistence-api-3.1.0.jar;C:\Users\VUNGUYEN\.m2\repository\jakarta\transaction\jakarta.transaction-api\2.0.1\jakarta.transaction-api-2.0.1.jar;C:\Users\VUNGUYEN\.m2\repository\org\jboss\logging\jboss-logging\3.6.1.Final\jboss-logging-3.6.1.Final.jar;C:\Users\VUNGUYEN\.m2\repository\org\hibernate\common\hibernate-commons-annotations\7.0.3.Final\hibernate-commons-annotations-7.0.3.Final.jar;C:\Users\VUNGUYEN\.m2\repository\io\smallrye\jandex\3.2.0\jandex-3.2.0.jar;C:\Users\VUNGUYEN\.m2\repository\com\fasterxml\classmate\1.7.0\classmate-1.7.0.jar;C:\Users\VUNGUYEN\.m2\repository\net\bytebuddy\byte-buddy\1.15.11\byte-buddy-1.15.11.jar;C:\Users\VUNGUYEN\.m2\repository\org\glassfish\jaxb\jaxb-runtime\4.0.5\jaxb-runtime-4.0.5.jar;C:\Users\VUNGUYEN\.m2\repository\org\glassfish\jaxb\jaxb-core\4.0.5\jaxb-core-4.0.5.jar;C:\Users\VUNGUYEN\.m2\repository\org\eclipse\angus\angus-activation\2.0.2\angus-activation-2.0.2.jar;C:\Users\VUNGUYEN\.m2\repository\org\glassfish\jaxb\txw2\4.0.5\txw2-4.0.5.jar;C:\Users\VUNGUYEN\.m2\repository\com\sun\istack\istack-commons-runtime\4.1.2\istack-commons-runtime-4.1.2.jar;C:\Users\VUNGUYEN\.m2\repository\jakarta\inject\jakarta.inject-api\2.0.1\jakarta.inject-api-2.0.1.jar;C:\Users\VUNGUYEN\.m2\repository\org\antlr\antlr4-runtime\4.13.0\antlr4-runtime-4.13.0.jar;C:\Users\VUNGUYEN\.m2\repository\org\springframework\data\spring-data-jpa\3.4.4\spring-data-jpa-3.4.4.jar;C:\Users\VUNGUYEN\.m2\repository\org\springframework\data\spring-data-commons\3.4.4\spring-data-commons-3.4.4.jar;C:\Users\VUNGUYEN\.m2\repository\org\springframework\spring-orm\6.2.5\spring-orm-6.2.5.jar;C:\Users\VUNGUYEN\.m2\repository\org\springframework\spring-context\6.2.5\spring-context-6.2.5.jar;C:\Users\VUNGUYEN\.m2\repository\org\springframework\spring-tx\6.2.5\spring-tx-6.2.5.jar;C:\Users\VUNGUYEN\.m2\repository\org\springframework\spring-beans\6.2.5\spring-beans-6.2.5.jar;C:\Users\VUNGUYEN\.m2\repository\org\slf4j\slf4j-api\2.0.17\slf4j-api-2.0.17.jar;C:\Users\VUNGUYEN\.m2\repository\org\springframework\spring-aspects\6.2.5\spring-aspects-6.2.5.jar;C:\Users\VUNGUYEN\.m2\repository\org\aspectj\aspectjweaver\1.9.23\aspectjweaver-1.9.23.jar;C:\Users\VUNGUYEN\.m2\repository\org\springframework\boot\spring-boot-starter-web\3.4.4\spring-boot-starter-web-3.4.4.jar;C:\Users\VUNGUYEN\.m2\repository\org\springframework\boot\spring-boot-starter-json\3.4.4\spring-boot-starter-json-3.4.4.jar;C:\Users\VUNGUYEN\.m2\repository\com\fasterxml\jackson\core\jackson-databind\2.18.3\jackson-databind-2.18.3.jar;C:\Users\VUNGUYEN\.m2\repository\com\fasterxml\jackson\core\jackson-annotations\2.18.3\jackson-annotations-2.18.3.jar;C:\Users\VUNGUYEN\.m2\repository\com\fasterxml\jackson\core\jackson-core\2.18.3\jackson-core-2.18.3.jar;C:\Users\VUNGUYEN\.m2\repository\com\fasterxml\jackson\datatype\jackson-datatype-jdk8\2.18.3\jackson-datatype-jdk8-2.18.3.jar;C:\Users\VUNGUYEN\.m2\repository\com\fasterxml\jackson\datatype\jackson-datatype-jsr310\2.18.3\jackson-datatype-jsr310-2.18.3.jar;C:\Users\VUNGUYEN\.m2\repository\com\fasterxml\jackson\module\jackson-module-parameter-names\2.18.3\jackson-module-parameter-names-2.18.3.jar;C:\Users\VUNGUYEN\.m2\repository\org\springframework\boot\spring-boot-starter-tomcat\3.4.4\spring-boot-starter-tomcat-3.4.4.jar;C:\Users\VUNGUYEN\.m2\repository\org\apache\tomcat\embed\tomcat-embed-core\10.1.39\tomcat-embed-core-10.1.39.jar;C:\Users\VUNGUYEN\.m2\repository\org\apache\tomcat\embed\tomcat-embed-websocket\10.1.39\tomcat-embed-websocket-10.1.39.jar;C:\Users\VUNGUYEN\.m2\repository\org\springframework\spring-web\6.2.5\spring-web-6.2.5.jar;C:\Users\VUNGUYEN\.m2\repository\io\micrometer\micrometer-observation\1.14.5\micrometer-observation-1.14.5.jar;C:\Users\VUNGUYEN\.m2\repository\io\micrometer\micrometer-commons\1.14.5\micrometer-commons-1.14.5.jar;C:\Users\VUNGUYEN\.m2\repository\org\springframework\spring-webmvc\6.2.5\spring-webmvc-6.2.5.jar;C:\Users\VUNGUYEN\.m2\repository\org\springframework\spring-expression\6.2.5\spring-expression-6.2.5.jar;C:\Users\VUNGUYEN\.m2\repository\jakarta\xml\bind\jakarta.xml.bind-api\4.0.2\jakarta.xml.bind-api-4.0.2.jar;C:\Users\VUNGUYEN\.m2\repository\jakarta\activation\jakarta.activation-api\2.1.3\jakarta.activation-api-2.1.3.jar;C:\Users\VUNGUYEN\.m2\repository\org\springframework\spring-core\6.2.5\spring-core-6.2.5.jar;C:\Users\VUNGUYEN\.m2\repository\org\springframework\spring-jcl\6.2.5\spring-jcl-6.2.5.jar;C:\Users\VUNGUYEN\.m2\repository\org\springframework\boot\spring-boot-starter-validation\3.4.4\spring-boot-starter-validation-3.4.4.jar;C:\Users\VUNGUYEN\.m2\repository\org\apache\tomcat\embed\tomcat-embed-el\10.1.39\tomcat-embed-el-10.1.39.jar;C:\Users\VUNGUYEN\.m2\repository\org\hibernate\validator\hibernate-validator\8.0.2.Final\hibernate-validator-8.0.2.Final.jar;C:\Users\VUNGUYEN\.m2\repository\jakarta\validation\jakarta.validation-api\3.0.2\jakarta.validation-api-3.0.2.jar;C:\Users\VUNGUYEN\.m2\repository\org\springframework\boot\spring-boot-starter-security\3.4.4\spring-boot-starter-security-3.4.4.jar;C:\Users\VUNGUYEN\.m2\repository\org\springframework\spring-aop\6.2.5\spring-aop-6.2.5.jar;C:\Users\VUNGUYEN\.m2\repository\org\springframework\security\spring-security-config\6.4.4\spring-security-config-6.4.4.jar;C:\Users\VUNGUYEN\.m2\repository\org\springframework\security\spring-security-core\6.4.4\spring-security-core-6.4.4.jar;C:\Users\VUNGUYEN\.m2\repository\org\springframework\security\spring-security-crypto\6.4.4\spring-security-crypto-6.4.4.jar;C:\Users\VUNGUYEN\.m2\repository\org\springframework\security\spring-security-web\6.4.4\spring-security-web-6.4.4.jar;C:\Users\VUNGUYEN\.m2\repository\com\mysql\mysql-connector-j\9.1.0\mysql-connector-j-9.1.0.jar;C:\Users\VUNGUYEN\.m2\repository\org\flywaydb\flyway-mysql\11.7.0\flyway-mysql-11.7.0.jar;C:\Users\VUNGUYEN\.m2\repository\org\flywaydb\flyway-core\10.20.1\flyway-core-10.20.1.jar;C:\Users\VUNGUYEN\.m2\repository\com\fasterxml\jackson\dataformat\jackson-dataformat-toml\2.18.3\jackson-dataformat-toml-2.18.3.jar;C:\Users\VUNGUYEN\.m2\repository\org\modelmapper\modelmapper\3.2.1\modelmapper-3.2.1.jar;C:\Users\VUNGUYEN\.m2\repository\org\mapstruct\mapstruct\1.6.3\mapstruct-1.6.3.jar;C:\Users\VUNGUYEN\.m2\repository\io\jsonwebtoken\jjwt\0.12.6\jjwt-0.12.6.jar;C:\Users\VUNGUYEN\.m2\repository\io\jsonwebtoken\jjwt-api\0.12.6\jjwt-api-0.12.6.jar;C:\Users\VUNGUYEN\.m2\repository\io\jsonwebtoken\jjwt-impl\0.12.6\jjwt-impl-0.12.6.jar;C:\Users\VUNGUYEN\.m2\repository\io\jsonwebtoken\jjwt-jackson\0.12.6\jjwt-jackson-0.12.6.jar;C:\Users\VUNGUYEN\.m2\repository\com\cloudinary\cloudinary-http5\2.0.0\cloudinary-http5-2.0.0.jar;C:\Users\VUNGUYEN\.m2\repository\com\cloudinary\cloudinary-core\2.0.0\cloudinary-core-2.0.0.jar;C:\Users\VUNGUYEN\.m2\repository\org\apache\commons\commons-lang3\3.17.0\commons-lang3-3.17.0.jar;C:\Users\VUNGUYEN\.m2\repository\org\apache\httpcomponents\client5\httpclient5\5.4.2\httpclient5-5.4.2.jar;C:\Users\VUNGUYEN\.m2\repository\org\apache\httpcomponents\core5\httpcore5-h2\5.3.3\httpcore5-h2-5.3.3.jar;C:\Users\VUNGUYEN\.m2\repository\org\apache\httpcomponents\core5\httpcore5\5.3.3\httpcore5-5.3.3.jar
Launcher Type: SUN_STANDARD

[Global flags]
     intx CICompilerCount                          = 4                                         {product} {ergonomic}
     uint ConcGCThreads                            = 3                                         {product} {ergonomic}
     uint G1ConcRefinementThreads                  = 10                                        {product} {ergonomic}
   size_t G1HeapRegionSize                         = 4194304                                   {product} {ergonomic}
   size_t InitialHeapSize                          = 532676608                                 {product} {ergonomic}
   size_t MarkStackSize                            = 4194304                                   {product} {ergonomic}
   size_t MarkStackSizeMax                         = 536870912                                 {product} {ergonomic}
   size_t MaxHeapSize                              = 8485076992                                {product} {ergonomic}
   size_t MaxNewSize                               = 5087690752                                {product} {ergonomic}
   size_t MinHeapDeltaBytes                        = 4194304                                   {product} {ergonomic}
   size_t MinHeapSize                              = 8388608                                   {product} {ergonomic}
    uintx NonNMethodCodeHeapSize                   = 5832704                                {pd product} {ergonomic}
    uintx NonProfiledCodeHeapSize                  = 122945536                              {pd product} {ergonomic}
    uintx ProfiledCodeHeapSize                     = 122880000                              {pd product} {ergonomic}
    uintx ReservedCodeCacheSize                    = 251658240                              {pd product} {ergonomic}
     bool SegmentedCodeCache                       = true                                      {product} {ergonomic}
   size_t SoftMaxHeapSize                          = 8485076992                             {manageable} {ergonomic}
     bool UseCompressedOops                        = true                           {product lp64_product} {ergonomic}
     bool UseG1GC                                  = true                                      {product} {ergonomic}
     bool UseLargePagesIndividualAllocation        = false                                  {pd product} {ergonomic}

Logging:
Log output configuration:
 #0: stdout all=warning uptime,level,tags foldmultilines=false
 #1: stderr all=off uptime,level,tags foldmultilines=false

Environment Variables:
PATH=C:\Program Files\Common Files\Oracle\Java\javapath;C:\Program Files (x86)\Common Files\Oracle\Java\java8path;C:\Program Files (x86)\Common Files\Oracle\Java\javapath;C:\WINDOWS\system32;C:\WINDOWS;C:\WINDOWS\System32\Wbem;C:\WINDOWS\System32\WindowsPowerShell\v1.0\;C:\WINDOWS\System32\OpenSSH\;C:\Program Files\NVIDIA Corporation\NVIDIA app\NvDLISR;C:\Program Files (x86)\NVIDIA Corporation\PhysX\Common;C:\Program Files\dotnet\;C:\Program Files\Git\cmd;C:\Program Files\nodejs\;C:\Program Files\Cloudflare\Cloudflare WARP\;C:\Users\VUNGUYEN\AppData\Local\Programs\Python\Python310\Scripts\;C:\Users\VUNGUYEN\AppData\Local\Programs\Python\Python310\;C:\Program Files\MySQL\MySQL Shell 8.0\bin\;C:\Users\VUNGUYEN\AppData\Local\Microsoft\WindowsApps;C:\Users\VUNGUYEN\AppData\Local\Programs\Microsoft VS Code\bin;C:\Users\VUNGUYEN\.dotnet\tools;C:\Program Files\JetBrains\IntelliJ IDEA 2024.3.5\bin;;C:\Users\VUNGUYEN\AppData\Local\Microsoft\WinGet\Links;C:\Users\VUNGUYEN\AppData\Roaming\npm;C:\Program Files\apache-maven-3.9.9\bin;
USERNAME=VUNGUYEN
OS=Windows_NT
PROCESSOR_IDENTIFIER=AMD64 Family 25 Model 97 Stepping 2, AuthenticAMD
TMP=C:\Users\VUNGUYEN\AppData\Local\Temp
TEMP=C:\Users\VUNGUYEN\AppData\Local\Temp




Periodic native trim disabled

---------------  S Y S T E M  ---------------

OS:
 Windows 11 , 64 bit Build 26100 (10.0.26100.3775)
OS uptime: 0 days 3:36 hours

CPU: total 12 (initial active 12) (12 cores per cpu, 2 threads per core) family 25 model 97 stepping 2 microcode 0xa601209, cx8, cmov, fxsr, ht, mmx, 3dnowpref, sse, sse2, sse3, ssse3, sse4a, sse4.1, sse4.2, popcnt, lzcnt, tsc, tscinvbit, avx, avx2, aes, erms, clmul, bmi1, bmi2, adx, avx512f, avx512dq, avx512cd, avx512bw, avx512vl, sha, fma, vzeroupper, avx512_vpopcntdq, avx512_vpclmulqdq, avx512_vaes, avx512_vnni, clflush, clflushopt, avx512_vbmi2, avx512_vbmi, rdtscp, rdpid, fsrm, gfni, avx512_bitalg, f16c, pku, cet_ss, avx512_ifma
Processor Information for the first 12 processors :
  Max Mhz: 3701, Current Mhz: 3701, Mhz Limit: 3701

Memory: 4k page, system-wide physical 32361M (11267M free)
TotalPageFile size 32361M (AvailPageFile size 3M)
current process WorkingSet (physical memory assigned to process): 497M, peak: 599M
current process commit charge ("private bytes"): 536M, peak: 680M

vm_info: OpenJDK 64-Bit Server VM (24+36-3646) for windows-amd64 JRE (24+36-3646), built on 2025-02-06T00:20:43Z with MS VC++ 17.6 (VS2022)

END.
